f:\rm\robomaster (2)\robomaster_ok_1_18(afternewyear)\robomaster_ok_1_18(delta2) (tpj)\freertos\visualgdb\debug\stm32f405.link.rsp
f:\rm\robomaster (2)\robomaster_ok_1_18(afternewyear)\robomaster_ok_1_18(delta2) (tpj)\freertos\visualgdb\debug\stm32f405.bin
f:\rm\robomaster (2)\robomaster_ok_1_18(afternewyear)\robomaster_ok_1_18(delta2) (tpj)\freertos\visualgdb\debug\stm32f405
f:\rm\robomaster (2)\robomaster_ok_1_18(afternewyear)\robomaster_ok_1_18(delta2) (tpj)\freertos\stm32f405\visualgdb\debug\arm.o
f:\rm\robomaster (2)\robomaster_ok_1_18(afternewyear)\robomaster_ok_1_18(delta2) (tpj)\freertos\stm32f405\visualgdb\debug\can.o
f:\rm\robomaster (2)\robomaster_ok_1_18(afternewyear)\robomaster_ok_1_18(delta2) (tpj)\freertos\stm32f405\visualgdb\debug\control.o
f:\rm\robomaster (2)\robomaster_ok_1_18(afternewyear)\robomaster_ok_1_18(delta2) (tpj)\freertos\stm32f405\visualgdb\debug\crc.o
f:\rm\robomaster (2)\robomaster_ok_1_18(afternewyear)\robomaster_ok_1_18(delta2) (tpj)\freertos\stm32f405\visualgdb\debug\gpio.o
f:\rm\robomaster (2)\robomaster_ok_1_18(afternewyear)\robomaster_ok_1_18(delta2) (tpj)\freertos\stm32f405\visualgdb\debug\htmotor.o
f:\rm\robomaster (2)\robomaster_ok_1_18(afternewyear)\robomaster_ok_1_18(delta2) (tpj)\freertos\stm32f405\visualgdb\debug\imu.o
f:\rm\robomaster (2)\robomaster_ok_1_18(afternewyear)\robomaster_ok_1_18(delta2) (tpj)\freertos\stm32f405\visualgdb\debug\judgement.o
f:\rm\robomaster (2)\robomaster_ok_1_18(afternewyear)\robomaster_ok_1_18(delta2) (tpj)\freertos\stm32f405\visualgdb\debug\label.o
f:\rm\robomaster (2)\robomaster_ok_1_18(afternewyear)\robomaster_ok_1_18(delta2) (tpj)\freertos\stm32f405\visualgdb\debug\motor.o
f:\rm\robomaster (2)\robomaster_ok_1_18(afternewyear)\robomaster_ok_1_18(delta2) (tpj)\freertos\stm32f405\visualgdb\debug\rc.o
f:\rm\robomaster (2)\robomaster_ok_1_18(afternewyear)\robomaster_ok_1_18(delta2) (tpj)\freertos\stm32f405\visualgdb\debug\stm32f405.o
f:\rm\robomaster (2)\robomaster_ok_1_18(afternewyear)\robomaster_ok_1_18(delta2) (tpj)\freertos\stm32f405\visualgdb\debug\system_stm32f4xx.o
f:\rm\robomaster (2)\robomaster_ok_1_18(afternewyear)\robomaster_ok_1_18(delta2) (tpj)\freertos\stm32f405\visualgdb\debug\taskslist.o
f:\rm\robomaster (2)\robomaster_ok_1_18(afternewyear)\robomaster_ok_1_18(delta2) (tpj)\freertos\stm32f405\visualgdb\debug\tim.o
f:\rm\robomaster (2)\robomaster_ok_1_18(afternewyear)\robomaster_ok_1_18(delta2) (tpj)\freertos\stm32f405\visualgdb\debug\usart.o
f:\rm\robomaster (2)\robomaster_ok_1_18(afternewyear)\robomaster_ok_1_18(delta2) (tpj)\freertos\stm32f405\visualgdb\debug\arm.dep
f:\rm\robomaster (2)\robomaster_ok_1_18(afternewyear)\robomaster_ok_1_18(delta2) (tpj)\freertos\stm32f405\visualgdb\debug\can.dep
f:\rm\robomaster (2)\robomaster_ok_1_18(afternewyear)\robomaster_ok_1_18(delta2) (tpj)\freertos\stm32f405\visualgdb\debug\control.dep
f:\rm\robomaster (2)\robomaster_ok_1_18(afternewyear)\robomaster_ok_1_18(delta2) (tpj)\freertos\stm32f405\visualgdb\debug\crc.dep
f:\rm\robomaster (2)\robomaster_ok_1_18(afternewyear)\robomaster_ok_1_18(delta2) (tpj)\freertos\stm32f405\visualgdb\debug\gpio.dep
f:\rm\robomaster (2)\robomaster_ok_1_18(afternewyear)\robomaster_ok_1_18(delta2) (tpj)\freertos\stm32f405\visualgdb\debug\htmotor.dep
f:\rm\robomaster (2)\robomaster_ok_1_18(afternewyear)\robomaster_ok_1_18(delta2) (tpj)\freertos\stm32f405\visualgdb\debug\imu.dep
f:\rm\robomaster (2)\robomaster_ok_1_18(afternewyear)\robomaster_ok_1_18(delta2) (tpj)\freertos\stm32f405\visualgdb\debug\judgement.dep
f:\rm\robomaster (2)\robomaster_ok_1_18(afternewyear)\robomaster_ok_1_18(delta2) (tpj)\freertos\stm32f405\visualgdb\debug\label.dep
f:\rm\robomaster (2)\robomaster_ok_1_18(afternewyear)\robomaster_ok_1_18(delta2) (tpj)\freertos\stm32f405\visualgdb\debug\motor.dep
f:\rm\robomaster (2)\robomaster_ok_1_18(afternewyear)\robomaster_ok_1_18(delta2) (tpj)\freertos\stm32f405\visualgdb\debug\rc.dep
f:\rm\robomaster (2)\robomaster_ok_1_18(afternewyear)\robomaster_ok_1_18(delta2) (tpj)\freertos\stm32f405\visualgdb\debug\stm32f405.dep
f:\rm\robomaster (2)\robomaster_ok_1_18(afternewyear)\robomaster_ok_1_18(delta2) (tpj)\freertos\stm32f405\visualgdb\debug\system_stm32f4xx.dep
f:\rm\robomaster (2)\robomaster_ok_1_18(afternewyear)\robomaster_ok_1_18(delta2) (tpj)\freertos\stm32f405\visualgdb\debug\taskslist.dep
f:\rm\robomaster (2)\robomaster_ok_1_18(afternewyear)\robomaster_ok_1_18(delta2) (tpj)\freertos\stm32f405\visualgdb\debug\tim.dep
f:\rm\robomaster (2)\robomaster_ok_1_18(afternewyear)\robomaster_ok_1_18(delta2) (tpj)\freertos\stm32f405\visualgdb\debug\usart.dep
f:\rm\robomaster (2)\robomaster_ok_1_18(afternewyear)\robomaster_ok_1_18(delta2) (tpj)\freertos\stm32f405\visualgdb\debug\arm.gcc.rsp
f:\rm\robomaster (2)\robomaster_ok_1_18(afternewyear)\robomaster_ok_1_18(delta2) (tpj)\freertos\stm32f405\visualgdb\debug\can.gcc.rsp
f:\rm\robomaster (2)\robomaster_ok_1_18(afternewyear)\robomaster_ok_1_18(delta2) (tpj)\freertos\stm32f405\visualgdb\debug\control.gcc.rsp
f:\rm\robomaster (2)\robomaster_ok_1_18(afternewyear)\robomaster_ok_1_18(delta2) (tpj)\freertos\stm32f405\visualgdb\debug\crc.gcc.rsp
f:\rm\robomaster (2)\robomaster_ok_1_18(afternewyear)\robomaster_ok_1_18(delta2) (tpj)\freertos\stm32f405\visualgdb\debug\gpio.gcc.rsp
f:\rm\robomaster (2)\robomaster_ok_1_18(afternewyear)\robomaster_ok_1_18(delta2) (tpj)\freertos\stm32f405\visualgdb\debug\htmotor.gcc.rsp
f:\rm\robomaster (2)\robomaster_ok_1_18(afternewyear)\robomaster_ok_1_18(delta2) (tpj)\freertos\stm32f405\visualgdb\debug\imu.gcc.rsp
f:\rm\robomaster (2)\robomaster_ok_1_18(afternewyear)\robomaster_ok_1_18(delta2) (tpj)\freertos\stm32f405\visualgdb\debug\judgement.gcc.rsp
f:\rm\robomaster (2)\robomaster_ok_1_18(afternewyear)\robomaster_ok_1_18(delta2) (tpj)\freertos\stm32f405\visualgdb\debug\label.gcc.rsp
f:\rm\robomaster (2)\robomaster_ok_1_18(afternewyear)\robomaster_ok_1_18(delta2) (tpj)\freertos\stm32f405\visualgdb\debug\motor.gcc.rsp
f:\rm\robomaster (2)\robomaster_ok_1_18(afternewyear)\robomaster_ok_1_18(delta2) (tpj)\freertos\stm32f405\visualgdb\debug\rc.gcc.rsp
f:\rm\robomaster (2)\robomaster_ok_1_18(afternewyear)\robomaster_ok_1_18(delta2) (tpj)\freertos\stm32f405\visualgdb\debug\stm32f405.gcc.rsp
f:\rm\robomaster (2)\robomaster_ok_1_18(afternewyear)\robomaster_ok_1_18(delta2) (tpj)\freertos\stm32f405\visualgdb\debug\system_stm32f4xx.gcc.rsp
f:\rm\robomaster (2)\robomaster_ok_1_18(afternewyear)\robomaster_ok_1_18(delta2) (tpj)\freertos\stm32f405\visualgdb\debug\taskslist.gcc.rsp
f:\rm\robomaster (2)\robomaster_ok_1_18(afternewyear)\robomaster_ok_1_18(delta2) (tpj)\freertos\stm32f405\visualgdb\debug\tim.gcc.rsp
f:\rm\robomaster (2)\robomaster_ok_1_18(afternewyear)\robomaster_ok_1_18(delta2) (tpj)\freertos\stm32f405\visualgdb\debug\usart.gcc.rsp
f:\rm\robomaster (2)\robomaster_ok_1_18(afternewyear)\robomaster_ok_1_18(delta2) (tpj)\freertos\stm32f405\visualgdb\debug\stm32f405.alldeps
f:\rm\robomaster (2)\robomaster_ok_1_18(afternewyear)\robomaster_ok_1_18(delta2) (tpj)\freertos\stm32f405\visualgdb\debug\__bsp_root__\stm32f4xxxx\startupfiles\startup_stm32f405xx.o
f:\rm\robomaster (2)\robomaster_ok_1_18(afternewyear)\robomaster_ok_1_18(delta2) (tpj)\freertos\stm32f405\visualgdb\debug\__bsp_root__\stm32f4xxxx\startupfiles\startup_stm32f405xx.dep
f:\rm\robomaster (2)\robomaster_ok_1_18(afternewyear)\robomaster_ok_1_18(delta2) (tpj)\freertos\stm32f405\visualgdb\debug\__bsp_root__\stm32f4xxxx\startupfiles\startup_stm32f405xx.gcc.rsp
f:\rm\robomaster (2)\robomaster_ok_1_18(afternewyear)\robomaster_ok_1_18(delta2) (tpj)\freertos\stm32f405\visualgdb\debug\__bsp_root__\freertos\source\croutine.o
f:\rm\robomaster (2)\robomaster_ok_1_18(afternewyear)\robomaster_ok_1_18(delta2) (tpj)\freertos\stm32f405\visualgdb\debug\__bsp_root__\freertos\source\event_groups.o
f:\rm\robomaster (2)\robomaster_ok_1_18(afternewyear)\robomaster_ok_1_18(delta2) (tpj)\freertos\stm32f405\visualgdb\debug\__bsp_root__\freertos\source\list.o
f:\rm\robomaster (2)\robomaster_ok_1_18(afternewyear)\robomaster_ok_1_18(delta2) (tpj)\freertos\stm32f405\visualgdb\debug\__bsp_root__\freertos\source\queue.o
f:\rm\robomaster (2)\robomaster_ok_1_18(afternewyear)\robomaster_ok_1_18(delta2) (tpj)\freertos\stm32f405\visualgdb\debug\__bsp_root__\freertos\source\tasks.o
f:\rm\robomaster (2)\robomaster_ok_1_18(afternewyear)\robomaster_ok_1_18(delta2) (tpj)\freertos\stm32f405\visualgdb\debug\__bsp_root__\freertos\source\timers.o
f:\rm\robomaster (2)\robomaster_ok_1_18(afternewyear)\robomaster_ok_1_18(delta2) (tpj)\freertos\stm32f405\visualgdb\debug\__bsp_root__\freertos\source\croutine.dep
f:\rm\robomaster (2)\robomaster_ok_1_18(afternewyear)\robomaster_ok_1_18(delta2) (tpj)\freertos\stm32f405\visualgdb\debug\__bsp_root__\freertos\source\event_groups.dep
f:\rm\robomaster (2)\robomaster_ok_1_18(afternewyear)\robomaster_ok_1_18(delta2) (tpj)\freertos\stm32f405\visualgdb\debug\__bsp_root__\freertos\source\list.dep
f:\rm\robomaster (2)\robomaster_ok_1_18(afternewyear)\robomaster_ok_1_18(delta2) (tpj)\freertos\stm32f405\visualgdb\debug\__bsp_root__\freertos\source\queue.dep
f:\rm\robomaster (2)\robomaster_ok_1_18(afternewyear)\robomaster_ok_1_18(delta2) (tpj)\freertos\stm32f405\visualgdb\debug\__bsp_root__\freertos\source\tasks.dep
f:\rm\robomaster (2)\robomaster_ok_1_18(afternewyear)\robomaster_ok_1_18(delta2) (tpj)\freertos\stm32f405\visualgdb\debug\__bsp_root__\freertos\source\timers.dep
f:\rm\robomaster (2)\robomaster_ok_1_18(afternewyear)\robomaster_ok_1_18(delta2) (tpj)\freertos\stm32f405\visualgdb\debug\__bsp_root__\freertos\source\croutine.gcc.rsp
f:\rm\robomaster (2)\robomaster_ok_1_18(afternewyear)\robomaster_ok_1_18(delta2) (tpj)\freertos\stm32f405\visualgdb\debug\__bsp_root__\freertos\source\event_groups.gcc.rsp
f:\rm\robomaster (2)\robomaster_ok_1_18(afternewyear)\robomaster_ok_1_18(delta2) (tpj)\freertos\stm32f405\visualgdb\debug\__bsp_root__\freertos\source\list.gcc.rsp
f:\rm\robomaster (2)\robomaster_ok_1_18(afternewyear)\robomaster_ok_1_18(delta2) (tpj)\freertos\stm32f405\visualgdb\debug\__bsp_root__\freertos\source\queue.gcc.rsp
f:\rm\robomaster (2)\robomaster_ok_1_18(afternewyear)\robomaster_ok_1_18(delta2) (tpj)\freertos\stm32f405\visualgdb\debug\__bsp_root__\freertos\source\tasks.gcc.rsp
f:\rm\robomaster (2)\robomaster_ok_1_18(afternewyear)\robomaster_ok_1_18(delta2) (tpj)\freertos\stm32f405\visualgdb\debug\__bsp_root__\freertos\source\timers.gcc.rsp
f:\rm\robomaster (2)\robomaster_ok_1_18(afternewyear)\robomaster_ok_1_18(delta2) (tpj)\freertos\stm32f405\visualgdb\debug\__bsp_root__\freertos\source\cmsis_rtos\cmsis_os.o
f:\rm\robomaster (2)\robomaster_ok_1_18(afternewyear)\robomaster_ok_1_18(delta2) (tpj)\freertos\stm32f405\visualgdb\debug\__bsp_root__\freertos\source\cmsis_rtos\cmsis_os.dep
f:\rm\robomaster (2)\robomaster_ok_1_18(afternewyear)\robomaster_ok_1_18(delta2) (tpj)\freertos\stm32f405\visualgdb\debug\__bsp_root__\freertos\source\cmsis_rtos\cmsis_os.gcc.rsp
f:\rm\robomaster (2)\robomaster_ok_1_18(afternewyear)\robomaster_ok_1_18(delta2) (tpj)\freertos\stm32f405\visualgdb\debug\__bsp_root__\freertos\source\portable\gcc\arm_cm3\port.o
f:\rm\robomaster (2)\robomaster_ok_1_18(afternewyear)\robomaster_ok_1_18(delta2) (tpj)\freertos\stm32f405\visualgdb\debug\__bsp_root__\freertos\source\portable\gcc\arm_cm3\port.dep
f:\rm\robomaster (2)\robomaster_ok_1_18(afternewyear)\robomaster_ok_1_18(delta2) (tpj)\freertos\stm32f405\visualgdb\debug\__bsp_root__\freertos\source\portable\gcc\arm_cm3\port.gcc.rsp
f:\rm\robomaster (2)\robomaster_ok_1_18(afternewyear)\robomaster_ok_1_18(delta2) (tpj)\freertos\stm32f405\visualgdb\debug\__bsp_root__\freertos\source\portable\memmang\heap_4.o
f:\rm\robomaster (2)\robomaster_ok_1_18(afternewyear)\robomaster_ok_1_18(delta2) (tpj)\freertos\stm32f405\visualgdb\debug\__bsp_root__\freertos\source\portable\memmang\heap_4.dep
f:\rm\robomaster (2)\robomaster_ok_1_18(afternewyear)\robomaster_ok_1_18(delta2) (tpj)\freertos\stm32f405\visualgdb\debug\__bsp_root__\freertos\source\portable\memmang\heap_4.gcc.rsp
f:\rm\robomaster (2)\robomaster_ok_1_18(afternewyear)\robomaster_ok_1_18(delta2) (tpj)\freertos\stm32f405\visualgdb\debug\__bsp_root__\stm32f4xxxx\stm32f4xx_hal_driver\src\stm32f4xx_hal.o
f:\rm\robomaster (2)\robomaster_ok_1_18(afternewyear)\robomaster_ok_1_18(delta2) (tpj)\freertos\stm32f405\visualgdb\debug\__bsp_root__\stm32f4xxxx\stm32f4xx_hal_driver\src\stm32f4xx_hal_adc.o
f:\rm\robomaster (2)\robomaster_ok_1_18(afternewyear)\robomaster_ok_1_18(delta2) (tpj)\freertos\stm32f405\visualgdb\debug\__bsp_root__\stm32f4xxxx\stm32f4xx_hal_driver\src\stm32f4xx_hal_adc_ex.o
f:\rm\robomaster (2)\robomaster_ok_1_18(afternewyear)\robomaster_ok_1_18(delta2) (tpj)\freertos\stm32f405\visualgdb\debug\__bsp_root__\stm32f4xxxx\stm32f4xx_hal_driver\src\stm32f4xx_hal_can.o
f:\rm\robomaster (2)\robomaster_ok_1_18(afternewyear)\robomaster_ok_1_18(delta2) (tpj)\freertos\stm32f405\visualgdb\debug\__bsp_root__\stm32f4xxxx\stm32f4xx_hal_driver\src\stm32f4xx_hal_cec.o
f:\rm\robomaster (2)\robomaster_ok_1_18(afternewyear)\robomaster_ok_1_18(delta2) (tpj)\freertos\stm32f405\visualgdb\debug\__bsp_root__\stm32f4xxxx\stm32f4xx_hal_driver\src\stm32f4xx_hal_cortex.o
f:\rm\robomaster (2)\robomaster_ok_1_18(afternewyear)\robomaster_ok_1_18(delta2) (tpj)\freertos\stm32f405\visualgdb\debug\__bsp_root__\stm32f4xxxx\stm32f4xx_hal_driver\src\stm32f4xx_hal_crc.o
f:\rm\robomaster (2)\robomaster_ok_1_18(afternewyear)\robomaster_ok_1_18(delta2) (tpj)\freertos\stm32f405\visualgdb\debug\__bsp_root__\stm32f4xxxx\stm32f4xx_hal_driver\src\stm32f4xx_hal_cryp.o
f:\rm\robomaster (2)\robomaster_ok_1_18(afternewyear)\robomaster_ok_1_18(delta2) (tpj)\freertos\stm32f405\visualgdb\debug\__bsp_root__\stm32f4xxxx\stm32f4xx_hal_driver\src\stm32f4xx_hal_cryp_ex.o
f:\rm\robomaster (2)\robomaster_ok_1_18(afternewyear)\robomaster_ok_1_18(delta2) (tpj)\freertos\stm32f405\visualgdb\debug\__bsp_root__\stm32f4xxxx\stm32f4xx_hal_driver\src\stm32f4xx_hal_dac.o
f:\rm\robomaster (2)\robomaster_ok_1_18(afternewyear)\robomaster_ok_1_18(delta2) (tpj)\freertos\stm32f405\visualgdb\debug\__bsp_root__\stm32f4xxxx\stm32f4xx_hal_driver\src\stm32f4xx_hal_dac_ex.o
f:\rm\robomaster (2)\robomaster_ok_1_18(afternewyear)\robomaster_ok_1_18(delta2) (tpj)\freertos\stm32f405\visualgdb\debug\__bsp_root__\stm32f4xxxx\stm32f4xx_hal_driver\src\stm32f4xx_hal_dcmi.o
f:\rm\robomaster (2)\robomaster_ok_1_18(afternewyear)\robomaster_ok_1_18(delta2) (tpj)\freertos\stm32f405\visualgdb\debug\__bsp_root__\stm32f4xxxx\stm32f4xx_hal_driver\src\stm32f4xx_hal_dcmi_ex.o
f:\rm\robomaster (2)\robomaster_ok_1_18(afternewyear)\robomaster_ok_1_18(delta2) (tpj)\freertos\stm32f405\visualgdb\debug\__bsp_root__\stm32f4xxxx\stm32f4xx_hal_driver\src\stm32f4xx_hal_dma.o
f:\rm\robomaster (2)\robomaster_ok_1_18(afternewyear)\robomaster_ok_1_18(delta2) (tpj)\freertos\stm32f405\visualgdb\debug\__bsp_root__\stm32f4xxxx\stm32f4xx_hal_driver\src\stm32f4xx_hal_dma2d.o
f:\rm\robomaster (2)\robomaster_ok_1_18(afternewyear)\robomaster_ok_1_18(delta2) (tpj)\freertos\stm32f405\visualgdb\debug\__bsp_root__\stm32f4xxxx\stm32f4xx_hal_driver\src\stm32f4xx_hal_dma_ex.o
f:\rm\robomaster (2)\robomaster_ok_1_18(afternewyear)\robomaster_ok_1_18(delta2) (tpj)\freertos\stm32f405\visualgdb\debug\__bsp_root__\stm32f4xxxx\stm32f4xx_hal_driver\src\stm32f4xx_hal_dsi.o
f:\rm\robomaster (2)\robomaster_ok_1_18(afternewyear)\robomaster_ok_1_18(delta2) (tpj)\freertos\stm32f405\visualgdb\debug\__bsp_root__\stm32f4xxxx\stm32f4xx_hal_driver\src\stm32f4xx_hal_eth.o
f:\rm\robomaster (2)\robomaster_ok_1_18(afternewyear)\robomaster_ok_1_18(delta2) (tpj)\freertos\stm32f405\visualgdb\debug\__bsp_root__\stm32f4xxxx\stm32f4xx_hal_driver\src\stm32f4xx_hal_flash.o
f:\rm\robomaster (2)\robomaster_ok_1_18(afternewyear)\robomaster_ok_1_18(delta2) (tpj)\freertos\stm32f405\visualgdb\debug\__bsp_root__\stm32f4xxxx\stm32f4xx_hal_driver\src\stm32f4xx_hal_flash_ex.o
f:\rm\robomaster (2)\robomaster_ok_1_18(afternewyear)\robomaster_ok_1_18(delta2) (tpj)\freertos\stm32f405\visualgdb\debug\__bsp_root__\stm32f4xxxx\stm32f4xx_hal_driver\src\stm32f4xx_hal_flash_ramfunc.o
f:\rm\robomaster (2)\robomaster_ok_1_18(afternewyear)\robomaster_ok_1_18(delta2) (tpj)\freertos\stm32f405\visualgdb\debug\__bsp_root__\stm32f4xxxx\stm32f4xx_hal_driver\src\stm32f4xx_hal_fmpi2c.o
f:\rm\robomaster (2)\robomaster_ok_1_18(afternewyear)\robomaster_ok_1_18(delta2) (tpj)\freertos\stm32f405\visualgdb\debug\__bsp_root__\stm32f4xxxx\stm32f4xx_hal_driver\src\stm32f4xx_hal_fmpi2c_ex.o
f:\rm\robomaster (2)\robomaster_ok_1_18(afternewyear)\robomaster_ok_1_18(delta2) (tpj)\freertos\stm32f405\visualgdb\debug\__bsp_root__\stm32f4xxxx\stm32f4xx_hal_driver\src\stm32f4xx_hal_gpio.o
f:\rm\robomaster (2)\robomaster_ok_1_18(afternewyear)\robomaster_ok_1_18(delta2) (tpj)\freertos\stm32f405\visualgdb\debug\__bsp_root__\stm32f4xxxx\stm32f4xx_hal_driver\src\stm32f4xx_hal_hash.o
f:\rm\robomaster (2)\robomaster_ok_1_18(afternewyear)\robomaster_ok_1_18(delta2) (tpj)\freertos\stm32f405\visualgdb\debug\__bsp_root__\stm32f4xxxx\stm32f4xx_hal_driver\src\stm32f4xx_hal_hash_ex.o
f:\rm\robomaster (2)\robomaster_ok_1_18(afternewyear)\robomaster_ok_1_18(delta2) (tpj)\freertos\stm32f405\visualgdb\debug\__bsp_root__\stm32f4xxxx\stm32f4xx_hal_driver\src\stm32f4xx_hal_hcd.o
f:\rm\robomaster (2)\robomaster_ok_1_18(afternewyear)\robomaster_ok_1_18(delta2) (tpj)\freertos\stm32f405\visualgdb\debug\__bsp_root__\stm32f4xxxx\stm32f4xx_hal_driver\src\stm32f4xx_hal_i2c.o
f:\rm\robomaster (2)\robomaster_ok_1_18(afternewyear)\robomaster_ok_1_18(delta2) (tpj)\freertos\stm32f405\visualgdb\debug\__bsp_root__\stm32f4xxxx\stm32f4xx_hal_driver\src\stm32f4xx_hal_i2c_ex.o
f:\rm\robomaster (2)\robomaster_ok_1_18(afternewyear)\robomaster_ok_1_18(delta2) (tpj)\freertos\stm32f405\visualgdb\debug\__bsp_root__\stm32f4xxxx\stm32f4xx_hal_driver\src\stm32f4xx_hal_i2s.o
f:\rm\robomaster (2)\robomaster_ok_1_18(afternewyear)\robomaster_ok_1_18(delta2) (tpj)\freertos\stm32f405\visualgdb\debug\__bsp_root__\stm32f4xxxx\stm32f4xx_hal_driver\src\stm32f4xx_hal_i2s_ex.o
f:\rm\robomaster (2)\robomaster_ok_1_18(afternewyear)\robomaster_ok_1_18(delta2) (tpj)\freertos\stm32f405\visualgdb\debug\__bsp_root__\stm32f4xxxx\stm32f4xx_hal_driver\src\stm32f4xx_hal_irda.o
f:\rm\robomaster (2)\robomaster_ok_1_18(afternewyear)\robomaster_ok_1_18(delta2) (tpj)\freertos\stm32f405\visualgdb\debug\__bsp_root__\stm32f4xxxx\stm32f4xx_hal_driver\src\stm32f4xx_hal_iwdg.o
f:\rm\robomaster (2)\robomaster_ok_1_18(afternewyear)\robomaster_ok_1_18(delta2) (tpj)\freertos\stm32f405\visualgdb\debug\__bsp_root__\stm32f4xxxx\stm32f4xx_hal_driver\src\stm32f4xx_hal_lptim.o
f:\rm\robomaster (2)\robomaster_ok_1_18(afternewyear)\robomaster_ok_1_18(delta2) (tpj)\freertos\stm32f405\visualgdb\debug\__bsp_root__\stm32f4xxxx\stm32f4xx_hal_driver\src\stm32f4xx_hal_ltdc.o
f:\rm\robomaster (2)\robomaster_ok_1_18(afternewyear)\robomaster_ok_1_18(delta2) (tpj)\freertos\stm32f405\visualgdb\debug\__bsp_root__\stm32f4xxxx\stm32f4xx_hal_driver\src\stm32f4xx_hal_ltdc_ex.o
f:\rm\robomaster (2)\robomaster_ok_1_18(afternewyear)\robomaster_ok_1_18(delta2) (tpj)\freertos\stm32f405\visualgdb\debug\__bsp_root__\stm32f4xxxx\stm32f4xx_hal_driver\src\stm32f4xx_hal_nand.o
f:\rm\robomaster (2)\robomaster_ok_1_18(afternewyear)\robomaster_ok_1_18(delta2) (tpj)\freertos\stm32f405\visualgdb\debug\__bsp_root__\stm32f4xxxx\stm32f4xx_hal_driver\src\stm32f4xx_hal_nor.o
f:\rm\robomaster (2)\robomaster_ok_1_18(afternewyear)\robomaster_ok_1_18(delta2) (tpj)\freertos\stm32f405\visualgdb\debug\__bsp_root__\stm32f4xxxx\stm32f4xx_hal_driver\src\stm32f4xx_hal_pccard.o
f:\rm\robomaster (2)\robomaster_ok_1_18(afternewyear)\robomaster_ok_1_18(delta2) (tpj)\freertos\stm32f405\visualgdb\debug\__bsp_root__\stm32f4xxxx\stm32f4xx_hal_driver\src\stm32f4xx_hal_pcd.o
f:\rm\robomaster (2)\robomaster_ok_1_18(afternewyear)\robomaster_ok_1_18(delta2) (tpj)\freertos\stm32f405\visualgdb\debug\__bsp_root__\stm32f4xxxx\stm32f4xx_hal_driver\src\stm32f4xx_hal_pcd_ex.o
f:\rm\robomaster (2)\robomaster_ok_1_18(afternewyear)\robomaster_ok_1_18(delta2) (tpj)\freertos\stm32f405\visualgdb\debug\__bsp_root__\stm32f4xxxx\stm32f4xx_hal_driver\src\stm32f4xx_hal_pwr.o
f:\rm\robomaster (2)\robomaster_ok_1_18(afternewyear)\robomaster_ok_1_18(delta2) (tpj)\freertos\stm32f405\visualgdb\debug\__bsp_root__\stm32f4xxxx\stm32f4xx_hal_driver\src\stm32f4xx_hal_pwr_ex.o
f:\rm\robomaster (2)\robomaster_ok_1_18(afternewyear)\robomaster_ok_1_18(delta2) (tpj)\freertos\stm32f405\visualgdb\debug\__bsp_root__\stm32f4xxxx\stm32f4xx_hal_driver\src\stm32f4xx_hal_qspi.o
f:\rm\robomaster (2)\robomaster_ok_1_18(afternewyear)\robomaster_ok_1_18(delta2) (tpj)\freertos\stm32f405\visualgdb\debug\__bsp_root__\stm32f4xxxx\stm32f4xx_hal_driver\src\stm32f4xx_hal_rcc.o
f:\rm\robomaster (2)\robomaster_ok_1_18(afternewyear)\robomaster_ok_1_18(delta2) (tpj)\freertos\stm32f405\visualgdb\debug\__bsp_root__\stm32f4xxxx\stm32f4xx_hal_driver\src\stm32f4xx_hal_rcc_ex.o
f:\rm\robomaster (2)\robomaster_ok_1_18(afternewyear)\robomaster_ok_1_18(delta2) (tpj)\freertos\stm32f405\visualgdb\debug\__bsp_root__\stm32f4xxxx\stm32f4xx_hal_driver\src\stm32f4xx_hal_rng.o
f:\rm\robomaster (2)\robomaster_ok_1_18(afternewyear)\robomaster_ok_1_18(delta2) (tpj)\freertos\stm32f405\visualgdb\debug\__bsp_root__\stm32f4xxxx\stm32f4xx_hal_driver\src\stm32f4xx_hal_rtc.o
f:\rm\robomaster (2)\robomaster_ok_1_18(afternewyear)\robomaster_ok_1_18(delta2) (tpj)\freertos\stm32f405\visualgdb\debug\__bsp_root__\stm32f4xxxx\stm32f4xx_hal_driver\src\stm32f4xx_hal_rtc_ex.o
f:\rm\robomaster (2)\robomaster_ok_1_18(afternewyear)\robomaster_ok_1_18(delta2) (tpj)\freertos\stm32f405\visualgdb\debug\__bsp_root__\stm32f4xxxx\stm32f4xx_hal_driver\src\stm32f4xx_hal_sai.o
f:\rm\robomaster (2)\robomaster_ok_1_18(afternewyear)\robomaster_ok_1_18(delta2) (tpj)\freertos\stm32f405\visualgdb\debug\__bsp_root__\stm32f4xxxx\stm32f4xx_hal_driver\src\stm32f4xx_hal_sai_ex.o
f:\rm\robomaster (2)\robomaster_ok_1_18(afternewyear)\robomaster_ok_1_18(delta2) (tpj)\freertos\stm32f405\visualgdb\debug\__bsp_root__\stm32f4xxxx\stm32f4xx_hal_driver\src\stm32f4xx_hal_sd.o
f:\rm\robomaster (2)\robomaster_ok_1_18(afternewyear)\robomaster_ok_1_18(delta2) (tpj)\freertos\stm32f405\visualgdb\debug\__bsp_root__\stm32f4xxxx\stm32f4xx_hal_driver\src\stm32f4xx_hal_sdram.o
f:\rm\robomaster (2)\robomaster_ok_1_18(afternewyear)\robomaster_ok_1_18(delta2) (tpj)\freertos\stm32f405\visualgdb\debug\__bsp_root__\stm32f4xxxx\stm32f4xx_hal_driver\src\stm32f4xx_hal_smartcard.o
f:\rm\robomaster (2)\robomaster_ok_1_18(afternewyear)\robomaster_ok_1_18(delta2) (tpj)\freertos\stm32f405\visualgdb\debug\__bsp_root__\stm32f4xxxx\stm32f4xx_hal_driver\src\stm32f4xx_hal_spdifrx.o
f:\rm\robomaster (2)\robomaster_ok_1_18(afternewyear)\robomaster_ok_1_18(delta2) (tpj)\freertos\stm32f405\visualgdb\debug\__bsp_root__\stm32f4xxxx\stm32f4xx_hal_driver\src\stm32f4xx_hal_spi.o
f:\rm\robomaster (2)\robomaster_ok_1_18(afternewyear)\robomaster_ok_1_18(delta2) (tpj)\freertos\stm32f405\visualgdb\debug\__bsp_root__\stm32f4xxxx\stm32f4xx_hal_driver\src\stm32f4xx_hal_sram.o
f:\rm\robomaster (2)\robomaster_ok_1_18(afternewyear)\robomaster_ok_1_18(delta2) (tpj)\freertos\stm32f405\visualgdb\debug\__bsp_root__\stm32f4xxxx\stm32f4xx_hal_driver\src\stm32f4xx_hal_tim.o
f:\rm\robomaster (2)\robomaster_ok_1_18(afternewyear)\robomaster_ok_1_18(delta2) (tpj)\freertos\stm32f405\visualgdb\debug\__bsp_root__\stm32f4xxxx\stm32f4xx_hal_driver\src\stm32f4xx_hal_tim_ex.o
f:\rm\robomaster (2)\robomaster_ok_1_18(afternewyear)\robomaster_ok_1_18(delta2) (tpj)\freertos\stm32f405\visualgdb\debug\__bsp_root__\stm32f4xxxx\stm32f4xx_hal_driver\src\stm32f4xx_hal_uart.o
f:\rm\robomaster (2)\robomaster_ok_1_18(afternewyear)\robomaster_ok_1_18(delta2) (tpj)\freertos\stm32f405\visualgdb\debug\__bsp_root__\stm32f4xxxx\stm32f4xx_hal_driver\src\stm32f4xx_hal_usart.o
f:\rm\robomaster (2)\robomaster_ok_1_18(afternewyear)\robomaster_ok_1_18(delta2) (tpj)\freertos\stm32f405\visualgdb\debug\__bsp_root__\stm32f4xxxx\stm32f4xx_hal_driver\src\stm32f4xx_hal_wwdg.o
f:\rm\robomaster (2)\robomaster_ok_1_18(afternewyear)\robomaster_ok_1_18(delta2) (tpj)\freertos\stm32f405\visualgdb\debug\__bsp_root__\stm32f4xxxx\stm32f4xx_hal_driver\src\stm32f4xx_ll_fmc.o
f:\rm\robomaster (2)\robomaster_ok_1_18(afternewyear)\robomaster_ok_1_18(delta2) (tpj)\freertos\stm32f405\visualgdb\debug\__bsp_root__\stm32f4xxxx\stm32f4xx_hal_driver\src\stm32f4xx_ll_fsmc.o
f:\rm\robomaster (2)\robomaster_ok_1_18(afternewyear)\robomaster_ok_1_18(delta2) (tpj)\freertos\stm32f405\visualgdb\debug\__bsp_root__\stm32f4xxxx\stm32f4xx_hal_driver\src\stm32f4xx_ll_sdmmc.o
f:\rm\robomaster (2)\robomaster_ok_1_18(afternewyear)\robomaster_ok_1_18(delta2) (tpj)\freertos\stm32f405\visualgdb\debug\__bsp_root__\stm32f4xxxx\stm32f4xx_hal_driver\src\stm32f4xx_ll_usb.o
f:\rm\robomaster (2)\robomaster_ok_1_18(afternewyear)\robomaster_ok_1_18(delta2) (tpj)\freertos\stm32f405\visualgdb\debug\__bsp_root__\stm32f4xxxx\stm32f4xx_hal_driver\src\stm32f4xx_hal.dep
f:\rm\robomaster (2)\robomaster_ok_1_18(afternewyear)\robomaster_ok_1_18(delta2) (tpj)\freertos\stm32f405\visualgdb\debug\__bsp_root__\stm32f4xxxx\stm32f4xx_hal_driver\src\stm32f4xx_hal_adc.dep
f:\rm\robomaster (2)\robomaster_ok_1_18(afternewyear)\robomaster_ok_1_18(delta2) (tpj)\freertos\stm32f405\visualgdb\debug\__bsp_root__\stm32f4xxxx\stm32f4xx_hal_driver\src\stm32f4xx_hal_adc_ex.dep
f:\rm\robomaster (2)\robomaster_ok_1_18(afternewyear)\robomaster_ok_1_18(delta2) (tpj)\freertos\stm32f405\visualgdb\debug\__bsp_root__\stm32f4xxxx\stm32f4xx_hal_driver\src\stm32f4xx_hal_can.dep
f:\rm\robomaster (2)\robomaster_ok_1_18(afternewyear)\robomaster_ok_1_18(delta2) (tpj)\freertos\stm32f405\visualgdb\debug\__bsp_root__\stm32f4xxxx\stm32f4xx_hal_driver\src\stm32f4xx_hal_cec.dep
f:\rm\robomaster (2)\robomaster_ok_1_18(afternewyear)\robomaster_ok_1_18(delta2) (tpj)\freertos\stm32f405\visualgdb\debug\__bsp_root__\stm32f4xxxx\stm32f4xx_hal_driver\src\stm32f4xx_hal_cortex.dep
f:\rm\robomaster (2)\robomaster_ok_1_18(afternewyear)\robomaster_ok_1_18(delta2) (tpj)\freertos\stm32f405\visualgdb\debug\__bsp_root__\stm32f4xxxx\stm32f4xx_hal_driver\src\stm32f4xx_hal_crc.dep
f:\rm\robomaster (2)\robomaster_ok_1_18(afternewyear)\robomaster_ok_1_18(delta2) (tpj)\freertos\stm32f405\visualgdb\debug\__bsp_root__\stm32f4xxxx\stm32f4xx_hal_driver\src\stm32f4xx_hal_cryp.dep
f:\rm\robomaster (2)\robomaster_ok_1_18(afternewyear)\robomaster_ok_1_18(delta2) (tpj)\freertos\stm32f405\visualgdb\debug\__bsp_root__\stm32f4xxxx\stm32f4xx_hal_driver\src\stm32f4xx_hal_cryp_ex.dep
f:\rm\robomaster (2)\robomaster_ok_1_18(afternewyear)\robomaster_ok_1_18(delta2) (tpj)\freertos\stm32f405\visualgdb\debug\__bsp_root__\stm32f4xxxx\stm32f4xx_hal_driver\src\stm32f4xx_hal_dac.dep
f:\rm\robomaster (2)\robomaster_ok_1_18(afternewyear)\robomaster_ok_1_18(delta2) (tpj)\freertos\stm32f405\visualgdb\debug\__bsp_root__\stm32f4xxxx\stm32f4xx_hal_driver\src\stm32f4xx_hal_dac_ex.dep
f:\rm\robomaster (2)\robomaster_ok_1_18(afternewyear)\robomaster_ok_1_18(delta2) (tpj)\freertos\stm32f405\visualgdb\debug\__bsp_root__\stm32f4xxxx\stm32f4xx_hal_driver\src\stm32f4xx_hal_dcmi.dep
f:\rm\robomaster (2)\robomaster_ok_1_18(afternewyear)\robomaster_ok_1_18(delta2) (tpj)\freertos\stm32f405\visualgdb\debug\__bsp_root__\stm32f4xxxx\stm32f4xx_hal_driver\src\stm32f4xx_hal_dcmi_ex.dep
f:\rm\robomaster (2)\robomaster_ok_1_18(afternewyear)\robomaster_ok_1_18(delta2) (tpj)\freertos\stm32f405\visualgdb\debug\__bsp_root__\stm32f4xxxx\stm32f4xx_hal_driver\src\stm32f4xx_hal_dma.dep
f:\rm\robomaster (2)\robomaster_ok_1_18(afternewyear)\robomaster_ok_1_18(delta2) (tpj)\freertos\stm32f405\visualgdb\debug\__bsp_root__\stm32f4xxxx\stm32f4xx_hal_driver\src\stm32f4xx_hal_dma2d.dep
f:\rm\robomaster (2)\robomaster_ok_1_18(afternewyear)\robomaster_ok_1_18(delta2) (tpj)\freertos\stm32f405\visualgdb\debug\__bsp_root__\stm32f4xxxx\stm32f4xx_hal_driver\src\stm32f4xx_hal_dma_ex.dep
f:\rm\robomaster (2)\robomaster_ok_1_18(afternewyear)\robomaster_ok_1_18(delta2) (tpj)\freertos\stm32f405\visualgdb\debug\__bsp_root__\stm32f4xxxx\stm32f4xx_hal_driver\src\stm32f4xx_hal_dsi.dep
f:\rm\robomaster (2)\robomaster_ok_1_18(afternewyear)\robomaster_ok_1_18(delta2) (tpj)\freertos\stm32f405\visualgdb\debug\__bsp_root__\stm32f4xxxx\stm32f4xx_hal_driver\src\stm32f4xx_hal_eth.dep
f:\rm\robomaster (2)\robomaster_ok_1_18(afternewyear)\robomaster_ok_1_18(delta2) (tpj)\freertos\stm32f405\visualgdb\debug\__bsp_root__\stm32f4xxxx\stm32f4xx_hal_driver\src\stm32f4xx_hal_flash.dep
f:\rm\robomaster (2)\robomaster_ok_1_18(afternewyear)\robomaster_ok_1_18(delta2) (tpj)\freertos\stm32f405\visualgdb\debug\__bsp_root__\stm32f4xxxx\stm32f4xx_hal_driver\src\stm32f4xx_hal_flash_ex.dep
f:\rm\robomaster (2)\robomaster_ok_1_18(afternewyear)\robomaster_ok_1_18(delta2) (tpj)\freertos\stm32f405\visualgdb\debug\__bsp_root__\stm32f4xxxx\stm32f4xx_hal_driver\src\stm32f4xx_hal_flash_ramfunc.dep
f:\rm\robomaster (2)\robomaster_ok_1_18(afternewyear)\robomaster_ok_1_18(delta2) (tpj)\freertos\stm32f405\visualgdb\debug\__bsp_root__\stm32f4xxxx\stm32f4xx_hal_driver\src\stm32f4xx_hal_fmpi2c.dep
f:\rm\robomaster (2)\robomaster_ok_1_18(afternewyear)\robomaster_ok_1_18(delta2) (tpj)\freertos\stm32f405\visualgdb\debug\__bsp_root__\stm32f4xxxx\stm32f4xx_hal_driver\src\stm32f4xx_hal_fmpi2c_ex.dep
f:\rm\robomaster (2)\robomaster_ok_1_18(afternewyear)\robomaster_ok_1_18(delta2) (tpj)\freertos\stm32f405\visualgdb\debug\__bsp_root__\stm32f4xxxx\stm32f4xx_hal_driver\src\stm32f4xx_hal_gpio.dep
f:\rm\robomaster (2)\robomaster_ok_1_18(afternewyear)\robomaster_ok_1_18(delta2) (tpj)\freertos\stm32f405\visualgdb\debug\__bsp_root__\stm32f4xxxx\stm32f4xx_hal_driver\src\stm32f4xx_hal_hash.dep
f:\rm\robomaster (2)\robomaster_ok_1_18(afternewyear)\robomaster_ok_1_18(delta2) (tpj)\freertos\stm32f405\visualgdb\debug\__bsp_root__\stm32f4xxxx\stm32f4xx_hal_driver\src\stm32f4xx_hal_hash_ex.dep
f:\rm\robomaster (2)\robomaster_ok_1_18(afternewyear)\robomaster_ok_1_18(delta2) (tpj)\freertos\stm32f405\visualgdb\debug\__bsp_root__\stm32f4xxxx\stm32f4xx_hal_driver\src\stm32f4xx_hal_hcd.dep
f:\rm\robomaster (2)\robomaster_ok_1_18(afternewyear)\robomaster_ok_1_18(delta2) (tpj)\freertos\stm32f405\visualgdb\debug\__bsp_root__\stm32f4xxxx\stm32f4xx_hal_driver\src\stm32f4xx_hal_i2c.dep
f:\rm\robomaster (2)\robomaster_ok_1_18(afternewyear)\robomaster_ok_1_18(delta2) (tpj)\freertos\stm32f405\visualgdb\debug\__bsp_root__\stm32f4xxxx\stm32f4xx_hal_driver\src\stm32f4xx_hal_i2c_ex.dep
f:\rm\robomaster (2)\robomaster_ok_1_18(afternewyear)\robomaster_ok_1_18(delta2) (tpj)\freertos\stm32f405\visualgdb\debug\__bsp_root__\stm32f4xxxx\stm32f4xx_hal_driver\src\stm32f4xx_hal_i2s.dep
f:\rm\robomaster (2)\robomaster_ok_1_18(afternewyear)\robomaster_ok_1_18(delta2) (tpj)\freertos\stm32f405\visualgdb\debug\__bsp_root__\stm32f4xxxx\stm32f4xx_hal_driver\src\stm32f4xx_hal_i2s_ex.dep
f:\rm\robomaster (2)\robomaster_ok_1_18(afternewyear)\robomaster_ok_1_18(delta2) (tpj)\freertos\stm32f405\visualgdb\debug\__bsp_root__\stm32f4xxxx\stm32f4xx_hal_driver\src\stm32f4xx_hal_irda.dep
f:\rm\robomaster (2)\robomaster_ok_1_18(afternewyear)\robomaster_ok_1_18(delta2) (tpj)\freertos\stm32f405\visualgdb\debug\__bsp_root__\stm32f4xxxx\stm32f4xx_hal_driver\src\stm32f4xx_hal_iwdg.dep
f:\rm\robomaster (2)\robomaster_ok_1_18(afternewyear)\robomaster_ok_1_18(delta2) (tpj)\freertos\stm32f405\visualgdb\debug\__bsp_root__\stm32f4xxxx\stm32f4xx_hal_driver\src\stm32f4xx_hal_lptim.dep
f:\rm\robomaster (2)\robomaster_ok_1_18(afternewyear)\robomaster_ok_1_18(delta2) (tpj)\freertos\stm32f405\visualgdb\debug\__bsp_root__\stm32f4xxxx\stm32f4xx_hal_driver\src\stm32f4xx_hal_ltdc.dep
f:\rm\robomaster (2)\robomaster_ok_1_18(afternewyear)\robomaster_ok_1_18(delta2) (tpj)\freertos\stm32f405\visualgdb\debug\__bsp_root__\stm32f4xxxx\stm32f4xx_hal_driver\src\stm32f4xx_hal_ltdc_ex.dep
f:\rm\robomaster (2)\robomaster_ok_1_18(afternewyear)\robomaster_ok_1_18(delta2) (tpj)\freertos\stm32f405\visualgdb\debug\__bsp_root__\stm32f4xxxx\stm32f4xx_hal_driver\src\stm32f4xx_hal_nand.dep
f:\rm\robomaster (2)\robomaster_ok_1_18(afternewyear)\robomaster_ok_1_18(delta2) (tpj)\freertos\stm32f405\visualgdb\debug\__bsp_root__\stm32f4xxxx\stm32f4xx_hal_driver\src\stm32f4xx_hal_nor.dep
f:\rm\robomaster (2)\robomaster_ok_1_18(afternewyear)\robomaster_ok_1_18(delta2) (tpj)\freertos\stm32f405\visualgdb\debug\__bsp_root__\stm32f4xxxx\stm32f4xx_hal_driver\src\stm32f4xx_hal_pccard.dep
f:\rm\robomaster (2)\robomaster_ok_1_18(afternewyear)\robomaster_ok_1_18(delta2) (tpj)\freertos\stm32f405\visualgdb\debug\__bsp_root__\stm32f4xxxx\stm32f4xx_hal_driver\src\stm32f4xx_hal_pcd.dep
f:\rm\robomaster (2)\robomaster_ok_1_18(afternewyear)\robomaster_ok_1_18(delta2) (tpj)\freertos\stm32f405\visualgdb\debug\__bsp_root__\stm32f4xxxx\stm32f4xx_hal_driver\src\stm32f4xx_hal_pcd_ex.dep
f:\rm\robomaster (2)\robomaster_ok_1_18(afternewyear)\robomaster_ok_1_18(delta2) (tpj)\freertos\stm32f405\visualgdb\debug\__bsp_root__\stm32f4xxxx\stm32f4xx_hal_driver\src\stm32f4xx_hal_pwr.dep
f:\rm\robomaster (2)\robomaster_ok_1_18(afternewyear)\robomaster_ok_1_18(delta2) (tpj)\freertos\stm32f405\visualgdb\debug\__bsp_root__\stm32f4xxxx\stm32f4xx_hal_driver\src\stm32f4xx_hal_pwr_ex.dep
f:\rm\robomaster (2)\robomaster_ok_1_18(afternewyear)\robomaster_ok_1_18(delta2) (tpj)\freertos\stm32f405\visualgdb\debug\__bsp_root__\stm32f4xxxx\stm32f4xx_hal_driver\src\stm32f4xx_hal_qspi.dep
f:\rm\robomaster (2)\robomaster_ok_1_18(afternewyear)\robomaster_ok_1_18(delta2) (tpj)\freertos\stm32f405\visualgdb\debug\__bsp_root__\stm32f4xxxx\stm32f4xx_hal_driver\src\stm32f4xx_hal_rcc.dep
f:\rm\robomaster (2)\robomaster_ok_1_18(afternewyear)\robomaster_ok_1_18(delta2) (tpj)\freertos\stm32f405\visualgdb\debug\__bsp_root__\stm32f4xxxx\stm32f4xx_hal_driver\src\stm32f4xx_hal_rcc_ex.dep
f:\rm\robomaster (2)\robomaster_ok_1_18(afternewyear)\robomaster_ok_1_18(delta2) (tpj)\freertos\stm32f405\visualgdb\debug\__bsp_root__\stm32f4xxxx\stm32f4xx_hal_driver\src\stm32f4xx_hal_rng.dep
f:\rm\robomaster (2)\robomaster_ok_1_18(afternewyear)\robomaster_ok_1_18(delta2) (tpj)\freertos\stm32f405\visualgdb\debug\__bsp_root__\stm32f4xxxx\stm32f4xx_hal_driver\src\stm32f4xx_hal_rtc.dep
f:\rm\robomaster (2)\robomaster_ok_1_18(afternewyear)\robomaster_ok_1_18(delta2) (tpj)\freertos\stm32f405\visualgdb\debug\__bsp_root__\stm32f4xxxx\stm32f4xx_hal_driver\src\stm32f4xx_hal_rtc_ex.dep
f:\rm\robomaster (2)\robomaster_ok_1_18(afternewyear)\robomaster_ok_1_18(delta2) (tpj)\freertos\stm32f405\visualgdb\debug\__bsp_root__\stm32f4xxxx\stm32f4xx_hal_driver\src\stm32f4xx_hal_sai.dep
f:\rm\robomaster (2)\robomaster_ok_1_18(afternewyear)\robomaster_ok_1_18(delta2) (tpj)\freertos\stm32f405\visualgdb\debug\__bsp_root__\stm32f4xxxx\stm32f4xx_hal_driver\src\stm32f4xx_hal_sai_ex.dep
f:\rm\robomaster (2)\robomaster_ok_1_18(afternewyear)\robomaster_ok_1_18(delta2) (tpj)\freertos\stm32f405\visualgdb\debug\__bsp_root__\stm32f4xxxx\stm32f4xx_hal_driver\src\stm32f4xx_hal_sd.dep
f:\rm\robomaster (2)\robomaster_ok_1_18(afternewyear)\robomaster_ok_1_18(delta2) (tpj)\freertos\stm32f405\visualgdb\debug\__bsp_root__\stm32f4xxxx\stm32f4xx_hal_driver\src\stm32f4xx_hal_sdram.dep
f:\rm\robomaster (2)\robomaster_ok_1_18(afternewyear)\robomaster_ok_1_18(delta2) (tpj)\freertos\stm32f405\visualgdb\debug\__bsp_root__\stm32f4xxxx\stm32f4xx_hal_driver\src\stm32f4xx_hal_smartcard.dep
f:\rm\robomaster (2)\robomaster_ok_1_18(afternewyear)\robomaster_ok_1_18(delta2) (tpj)\freertos\stm32f405\visualgdb\debug\__bsp_root__\stm32f4xxxx\stm32f4xx_hal_driver\src\stm32f4xx_hal_spdifrx.dep
f:\rm\robomaster (2)\robomaster_ok_1_18(afternewyear)\robomaster_ok_1_18(delta2) (tpj)\freertos\stm32f405\visualgdb\debug\__bsp_root__\stm32f4xxxx\stm32f4xx_hal_driver\src\stm32f4xx_hal_spi.dep
f:\rm\robomaster (2)\robomaster_ok_1_18(afternewyear)\robomaster_ok_1_18(delta2) (tpj)\freertos\stm32f405\visualgdb\debug\__bsp_root__\stm32f4xxxx\stm32f4xx_hal_driver\src\stm32f4xx_hal_sram.dep
f:\rm\robomaster (2)\robomaster_ok_1_18(afternewyear)\robomaster_ok_1_18(delta2) (tpj)\freertos\stm32f405\visualgdb\debug\__bsp_root__\stm32f4xxxx\stm32f4xx_hal_driver\src\stm32f4xx_hal_tim.dep
f:\rm\robomaster (2)\robomaster_ok_1_18(afternewyear)\robomaster_ok_1_18(delta2) (tpj)\freertos\stm32f405\visualgdb\debug\__bsp_root__\stm32f4xxxx\stm32f4xx_hal_driver\src\stm32f4xx_hal_tim_ex.dep
f:\rm\robomaster (2)\robomaster_ok_1_18(afternewyear)\robomaster_ok_1_18(delta2) (tpj)\freertos\stm32f405\visualgdb\debug\__bsp_root__\stm32f4xxxx\stm32f4xx_hal_driver\src\stm32f4xx_hal_uart.dep
f:\rm\robomaster (2)\robomaster_ok_1_18(afternewyear)\robomaster_ok_1_18(delta2) (tpj)\freertos\stm32f405\visualgdb\debug\__bsp_root__\stm32f4xxxx\stm32f4xx_hal_driver\src\stm32f4xx_hal_usart.dep
f:\rm\robomaster (2)\robomaster_ok_1_18(afternewyear)\robomaster_ok_1_18(delta2) (tpj)\freertos\stm32f405\visualgdb\debug\__bsp_root__\stm32f4xxxx\stm32f4xx_hal_driver\src\stm32f4xx_hal_wwdg.dep
f:\rm\robomaster (2)\robomaster_ok_1_18(afternewyear)\robomaster_ok_1_18(delta2) (tpj)\freertos\stm32f405\visualgdb\debug\__bsp_root__\stm32f4xxxx\stm32f4xx_hal_driver\src\stm32f4xx_ll_fmc.dep
f:\rm\robomaster (2)\robomaster_ok_1_18(afternewyear)\robomaster_ok_1_18(delta2) (tpj)\freertos\stm32f405\visualgdb\debug\__bsp_root__\stm32f4xxxx\stm32f4xx_hal_driver\src\stm32f4xx_ll_fsmc.dep
f:\rm\robomaster (2)\robomaster_ok_1_18(afternewyear)\robomaster_ok_1_18(delta2) (tpj)\freertos\stm32f405\visualgdb\debug\__bsp_root__\stm32f4xxxx\stm32f4xx_hal_driver\src\stm32f4xx_ll_sdmmc.dep
f:\rm\robomaster (2)\robomaster_ok_1_18(afternewyear)\robomaster_ok_1_18(delta2) (tpj)\freertos\stm32f405\visualgdb\debug\__bsp_root__\stm32f4xxxx\stm32f4xx_hal_driver\src\stm32f4xx_ll_usb.dep
f:\rm\robomaster (2)\robomaster_ok_1_18(afternewyear)\robomaster_ok_1_18(delta2) (tpj)\freertos\stm32f405\visualgdb\debug\__bsp_root__\stm32f4xxxx\stm32f4xx_hal_driver\src\stm32f4xx_hal.gcc.rsp
f:\rm\robomaster (2)\robomaster_ok_1_18(afternewyear)\robomaster_ok_1_18(delta2) (tpj)\freertos\stm32f405\visualgdb\debug\__bsp_root__\stm32f4xxxx\stm32f4xx_hal_driver\src\stm32f4xx_hal_adc.gcc.rsp
f:\rm\robomaster (2)\robomaster_ok_1_18(afternewyear)\robomaster_ok_1_18(delta2) (tpj)\freertos\stm32f405\visualgdb\debug\__bsp_root__\stm32f4xxxx\stm32f4xx_hal_driver\src\stm32f4xx_hal_adc_ex.gcc.rsp
f:\rm\robomaster (2)\robomaster_ok_1_18(afternewyear)\robomaster_ok_1_18(delta2) (tpj)\freertos\stm32f405\visualgdb\debug\__bsp_root__\stm32f4xxxx\stm32f4xx_hal_driver\src\stm32f4xx_hal_can.gcc.rsp
f:\rm\robomaster (2)\robomaster_ok_1_18(afternewyear)\robomaster_ok_1_18(delta2) (tpj)\freertos\stm32f405\visualgdb\debug\__bsp_root__\stm32f4xxxx\stm32f4xx_hal_driver\src\stm32f4xx_hal_cec.gcc.rsp
f:\rm\robomaster (2)\robomaster_ok_1_18(afternewyear)\robomaster_ok_1_18(delta2) (tpj)\freertos\stm32f405\visualgdb\debug\__bsp_root__\stm32f4xxxx\stm32f4xx_hal_driver\src\stm32f4xx_hal_cortex.gcc.rsp
f:\rm\robomaster (2)\robomaster_ok_1_18(afternewyear)\robomaster_ok_1_18(delta2) (tpj)\freertos\stm32f405\visualgdb\debug\__bsp_root__\stm32f4xxxx\stm32f4xx_hal_driver\src\stm32f4xx_hal_crc.gcc.rsp
f:\rm\robomaster (2)\robomaster_ok_1_18(afternewyear)\robomaster_ok_1_18(delta2) (tpj)\freertos\stm32f405\visualgdb\debug\__bsp_root__\stm32f4xxxx\stm32f4xx_hal_driver\src\stm32f4xx_hal_cryp.gcc.rsp
f:\rm\robomaster (2)\robomaster_ok_1_18(afternewyear)\robomaster_ok_1_18(delta2) (tpj)\freertos\stm32f405\visualgdb\debug\__bsp_root__\stm32f4xxxx\stm32f4xx_hal_driver\src\stm32f4xx_hal_cryp_ex.gcc.rsp
f:\rm\robomaster (2)\robomaster_ok_1_18(afternewyear)\robomaster_ok_1_18(delta2) (tpj)\freertos\stm32f405\visualgdb\debug\__bsp_root__\stm32f4xxxx\stm32f4xx_hal_driver\src\stm32f4xx_hal_dac.gcc.rsp
f:\rm\robomaster (2)\robomaster_ok_1_18(afternewyear)\robomaster_ok_1_18(delta2) (tpj)\freertos\stm32f405\visualgdb\debug\__bsp_root__\stm32f4xxxx\stm32f4xx_hal_driver\src\stm32f4xx_hal_dac_ex.gcc.rsp
f:\rm\robomaster (2)\robomaster_ok_1_18(afternewyear)\robomaster_ok_1_18(delta2) (tpj)\freertos\stm32f405\visualgdb\debug\__bsp_root__\stm32f4xxxx\stm32f4xx_hal_driver\src\stm32f4xx_hal_dcmi.gcc.rsp
f:\rm\robomaster (2)\robomaster_ok_1_18(afternewyear)\robomaster_ok_1_18(delta2) (tpj)\freertos\stm32f405\visualgdb\debug\__bsp_root__\stm32f4xxxx\stm32f4xx_hal_driver\src\stm32f4xx_hal_dcmi_ex.gcc.rsp
f:\rm\robomaster (2)\robomaster_ok_1_18(afternewyear)\robomaster_ok_1_18(delta2) (tpj)\freertos\stm32f405\visualgdb\debug\__bsp_root__\stm32f4xxxx\stm32f4xx_hal_driver\src\stm32f4xx_hal_dma.gcc.rsp
f:\rm\robomaster (2)\robomaster_ok_1_18(afternewyear)\robomaster_ok_1_18(delta2) (tpj)\freertos\stm32f405\visualgdb\debug\__bsp_root__\stm32f4xxxx\stm32f4xx_hal_driver\src\stm32f4xx_hal_dma2d.gcc.rsp
f:\rm\robomaster (2)\robomaster_ok_1_18(afternewyear)\robomaster_ok_1_18(delta2) (tpj)\freertos\stm32f405\visualgdb\debug\__bsp_root__\stm32f4xxxx\stm32f4xx_hal_driver\src\stm32f4xx_hal_dma_ex.gcc.rsp
f:\rm\robomaster (2)\robomaster_ok_1_18(afternewyear)\robomaster_ok_1_18(delta2) (tpj)\freertos\stm32f405\visualgdb\debug\__bsp_root__\stm32f4xxxx\stm32f4xx_hal_driver\src\stm32f4xx_hal_dsi.gcc.rsp
f:\rm\robomaster (2)\robomaster_ok_1_18(afternewyear)\robomaster_ok_1_18(delta2) (tpj)\freertos\stm32f405\visualgdb\debug\__bsp_root__\stm32f4xxxx\stm32f4xx_hal_driver\src\stm32f4xx_hal_eth.gcc.rsp
f:\rm\robomaster (2)\robomaster_ok_1_18(afternewyear)\robomaster_ok_1_18(delta2) (tpj)\freertos\stm32f405\visualgdb\debug\__bsp_root__\stm32f4xxxx\stm32f4xx_hal_driver\src\stm32f4xx_hal_flash.gcc.rsp
f:\rm\robomaster (2)\robomaster_ok_1_18(afternewyear)\robomaster_ok_1_18(delta2) (tpj)\freertos\stm32f405\visualgdb\debug\__bsp_root__\stm32f4xxxx\stm32f4xx_hal_driver\src\stm32f4xx_hal_flash_ex.gcc.rsp
f:\rm\robomaster (2)\robomaster_ok_1_18(afternewyear)\robomaster_ok_1_18(delta2) (tpj)\freertos\stm32f405\visualgdb\debug\__bsp_root__\stm32f4xxxx\stm32f4xx_hal_driver\src\stm32f4xx_hal_flash_ramfunc.gcc.rsp
f:\rm\robomaster (2)\robomaster_ok_1_18(afternewyear)\robomaster_ok_1_18(delta2) (tpj)\freertos\stm32f405\visualgdb\debug\__bsp_root__\stm32f4xxxx\stm32f4xx_hal_driver\src\stm32f4xx_hal_fmpi2c.gcc.rsp
f:\rm\robomaster (2)\robomaster_ok_1_18(afternewyear)\robomaster_ok_1_18(delta2) (tpj)\freertos\stm32f405\visualgdb\debug\__bsp_root__\stm32f4xxxx\stm32f4xx_hal_driver\src\stm32f4xx_hal_fmpi2c_ex.gcc.rsp
f:\rm\robomaster (2)\robomaster_ok_1_18(afternewyear)\robomaster_ok_1_18(delta2) (tpj)\freertos\stm32f405\visualgdb\debug\__bsp_root__\stm32f4xxxx\stm32f4xx_hal_driver\src\stm32f4xx_hal_gpio.gcc.rsp
f:\rm\robomaster (2)\robomaster_ok_1_18(afternewyear)\robomaster_ok_1_18(delta2) (tpj)\freertos\stm32f405\visualgdb\debug\__bsp_root__\stm32f4xxxx\stm32f4xx_hal_driver\src\stm32f4xx_hal_hash.gcc.rsp
f:\rm\robomaster (2)\robomaster_ok_1_18(afternewyear)\robomaster_ok_1_18(delta2) (tpj)\freertos\stm32f405\visualgdb\debug\__bsp_root__\stm32f4xxxx\stm32f4xx_hal_driver\src\stm32f4xx_hal_hash_ex.gcc.rsp
f:\rm\robomaster (2)\robomaster_ok_1_18(afternewyear)\robomaster_ok_1_18(delta2) (tpj)\freertos\stm32f405\visualgdb\debug\__bsp_root__\stm32f4xxxx\stm32f4xx_hal_driver\src\stm32f4xx_hal_hcd.gcc.rsp
f:\rm\robomaster (2)\robomaster_ok_1_18(afternewyear)\robomaster_ok_1_18(delta2) (tpj)\freertos\stm32f405\visualgdb\debug\__bsp_root__\stm32f4xxxx\stm32f4xx_hal_driver\src\stm32f4xx_hal_i2c.gcc.rsp
f:\rm\robomaster (2)\robomaster_ok_1_18(afternewyear)\robomaster_ok_1_18(delta2) (tpj)\freertos\stm32f405\visualgdb\debug\__bsp_root__\stm32f4xxxx\stm32f4xx_hal_driver\src\stm32f4xx_hal_i2c_ex.gcc.rsp
f:\rm\robomaster (2)\robomaster_ok_1_18(afternewyear)\robomaster_ok_1_18(delta2) (tpj)\freertos\stm32f405\visualgdb\debug\__bsp_root__\stm32f4xxxx\stm32f4xx_hal_driver\src\stm32f4xx_hal_i2s.gcc.rsp
f:\rm\robomaster (2)\robomaster_ok_1_18(afternewyear)\robomaster_ok_1_18(delta2) (tpj)\freertos\stm32f405\visualgdb\debug\__bsp_root__\stm32f4xxxx\stm32f4xx_hal_driver\src\stm32f4xx_hal_i2s_ex.gcc.rsp
f:\rm\robomaster (2)\robomaster_ok_1_18(afternewyear)\robomaster_ok_1_18(delta2) (tpj)\freertos\stm32f405\visualgdb\debug\__bsp_root__\stm32f4xxxx\stm32f4xx_hal_driver\src\stm32f4xx_hal_irda.gcc.rsp
f:\rm\robomaster (2)\robomaster_ok_1_18(afternewyear)\robomaster_ok_1_18(delta2) (tpj)\freertos\stm32f405\visualgdb\debug\__bsp_root__\stm32f4xxxx\stm32f4xx_hal_driver\src\stm32f4xx_hal_iwdg.gcc.rsp
f:\rm\robomaster (2)\robomaster_ok_1_18(afternewyear)\robomaster_ok_1_18(delta2) (tpj)\freertos\stm32f405\visualgdb\debug\__bsp_root__\stm32f4xxxx\stm32f4xx_hal_driver\src\stm32f4xx_hal_lptim.gcc.rsp
f:\rm\robomaster (2)\robomaster_ok_1_18(afternewyear)\robomaster_ok_1_18(delta2) (tpj)\freertos\stm32f405\visualgdb\debug\__bsp_root__\stm32f4xxxx\stm32f4xx_hal_driver\src\stm32f4xx_hal_ltdc.gcc.rsp
f:\rm\robomaster (2)\robomaster_ok_1_18(afternewyear)\robomaster_ok_1_18(delta2) (tpj)\freertos\stm32f405\visualgdb\debug\__bsp_root__\stm32f4xxxx\stm32f4xx_hal_driver\src\stm32f4xx_hal_ltdc_ex.gcc.rsp
f:\rm\robomaster (2)\robomaster_ok_1_18(afternewyear)\robomaster_ok_1_18(delta2) (tpj)\freertos\stm32f405\visualgdb\debug\__bsp_root__\stm32f4xxxx\stm32f4xx_hal_driver\src\stm32f4xx_hal_nand.gcc.rsp
f:\rm\robomaster (2)\robomaster_ok_1_18(afternewyear)\robomaster_ok_1_18(delta2) (tpj)\freertos\stm32f405\visualgdb\debug\__bsp_root__\stm32f4xxxx\stm32f4xx_hal_driver\src\stm32f4xx_hal_nor.gcc.rsp
f:\rm\robomaster (2)\robomaster_ok_1_18(afternewyear)\robomaster_ok_1_18(delta2) (tpj)\freertos\stm32f405\visualgdb\debug\__bsp_root__\stm32f4xxxx\stm32f4xx_hal_driver\src\stm32f4xx_hal_pccard.gcc.rsp
f:\rm\robomaster (2)\robomaster_ok_1_18(afternewyear)\robomaster_ok_1_18(delta2) (tpj)\freertos\stm32f405\visualgdb\debug\__bsp_root__\stm32f4xxxx\stm32f4xx_hal_driver\src\stm32f4xx_hal_pcd.gcc.rsp
f:\rm\robomaster (2)\robomaster_ok_1_18(afternewyear)\robomaster_ok_1_18(delta2) (tpj)\freertos\stm32f405\visualgdb\debug\__bsp_root__\stm32f4xxxx\stm32f4xx_hal_driver\src\stm32f4xx_hal_pcd_ex.gcc.rsp
f:\rm\robomaster (2)\robomaster_ok_1_18(afternewyear)\robomaster_ok_1_18(delta2) (tpj)\freertos\stm32f405\visualgdb\debug\__bsp_root__\stm32f4xxxx\stm32f4xx_hal_driver\src\stm32f4xx_hal_pwr.gcc.rsp
f:\rm\robomaster (2)\robomaster_ok_1_18(afternewyear)\robomaster_ok_1_18(delta2) (tpj)\freertos\stm32f405\visualgdb\debug\__bsp_root__\stm32f4xxxx\stm32f4xx_hal_driver\src\stm32f4xx_hal_pwr_ex.gcc.rsp
f:\rm\robomaster (2)\robomaster_ok_1_18(afternewyear)\robomaster_ok_1_18(delta2) (tpj)\freertos\stm32f405\visualgdb\debug\__bsp_root__\stm32f4xxxx\stm32f4xx_hal_driver\src\stm32f4xx_hal_qspi.gcc.rsp
f:\rm\robomaster (2)\robomaster_ok_1_18(afternewyear)\robomaster_ok_1_18(delta2) (tpj)\freertos\stm32f405\visualgdb\debug\__bsp_root__\stm32f4xxxx\stm32f4xx_hal_driver\src\stm32f4xx_hal_rcc.gcc.rsp
f:\rm\robomaster (2)\robomaster_ok_1_18(afternewyear)\robomaster_ok_1_18(delta2) (tpj)\freertos\stm32f405\visualgdb\debug\__bsp_root__\stm32f4xxxx\stm32f4xx_hal_driver\src\stm32f4xx_hal_rcc_ex.gcc.rsp
f:\rm\robomaster (2)\robomaster_ok_1_18(afternewyear)\robomaster_ok_1_18(delta2) (tpj)\freertos\stm32f405\visualgdb\debug\__bsp_root__\stm32f4xxxx\stm32f4xx_hal_driver\src\stm32f4xx_hal_rng.gcc.rsp
f:\rm\robomaster (2)\robomaster_ok_1_18(afternewyear)\robomaster_ok_1_18(delta2) (tpj)\freertos\stm32f405\visualgdb\debug\__bsp_root__\stm32f4xxxx\stm32f4xx_hal_driver\src\stm32f4xx_hal_rtc.gcc.rsp
f:\rm\robomaster (2)\robomaster_ok_1_18(afternewyear)\robomaster_ok_1_18(delta2) (tpj)\freertos\stm32f405\visualgdb\debug\__bsp_root__\stm32f4xxxx\stm32f4xx_hal_driver\src\stm32f4xx_hal_rtc_ex.gcc.rsp
f:\rm\robomaster (2)\robomaster_ok_1_18(afternewyear)\robomaster_ok_1_18(delta2) (tpj)\freertos\stm32f405\visualgdb\debug\__bsp_root__\stm32f4xxxx\stm32f4xx_hal_driver\src\stm32f4xx_hal_sai.gcc.rsp
f:\rm\robomaster (2)\robomaster_ok_1_18(afternewyear)\robomaster_ok_1_18(delta2) (tpj)\freertos\stm32f405\visualgdb\debug\__bsp_root__\stm32f4xxxx\stm32f4xx_hal_driver\src\stm32f4xx_hal_sai_ex.gcc.rsp
f:\rm\robomaster (2)\robomaster_ok_1_18(afternewyear)\robomaster_ok_1_18(delta2) (tpj)\freertos\stm32f405\visualgdb\debug\__bsp_root__\stm32f4xxxx\stm32f4xx_hal_driver\src\stm32f4xx_hal_sd.gcc.rsp
f:\rm\robomaster (2)\robomaster_ok_1_18(afternewyear)\robomaster_ok_1_18(delta2) (tpj)\freertos\stm32f405\visualgdb\debug\__bsp_root__\stm32f4xxxx\stm32f4xx_hal_driver\src\stm32f4xx_hal_sdram.gcc.rsp
f:\rm\robomaster (2)\robomaster_ok_1_18(afternewyear)\robomaster_ok_1_18(delta2) (tpj)\freertos\stm32f405\visualgdb\debug\__bsp_root__\stm32f4xxxx\stm32f4xx_hal_driver\src\stm32f4xx_hal_smartcard.gcc.rsp
f:\rm\robomaster (2)\robomaster_ok_1_18(afternewyear)\robomaster_ok_1_18(delta2) (tpj)\freertos\stm32f405\visualgdb\debug\__bsp_root__\stm32f4xxxx\stm32f4xx_hal_driver\src\stm32f4xx_hal_spdifrx.gcc.rsp
f:\rm\robomaster (2)\robomaster_ok_1_18(afternewyear)\robomaster_ok_1_18(delta2) (tpj)\freertos\stm32f405\visualgdb\debug\__bsp_root__\stm32f4xxxx\stm32f4xx_hal_driver\src\stm32f4xx_hal_spi.gcc.rsp
f:\rm\robomaster (2)\robomaster_ok_1_18(afternewyear)\robomaster_ok_1_18(delta2) (tpj)\freertos\stm32f405\visualgdb\debug\__bsp_root__\stm32f4xxxx\stm32f4xx_hal_driver\src\stm32f4xx_hal_sram.gcc.rsp
f:\rm\robomaster (2)\robomaster_ok_1_18(afternewyear)\robomaster_ok_1_18(delta2) (tpj)\freertos\stm32f405\visualgdb\debug\__bsp_root__\stm32f4xxxx\stm32f4xx_hal_driver\src\stm32f4xx_hal_tim.gcc.rsp
f:\rm\robomaster (2)\robomaster_ok_1_18(afternewyear)\robomaster_ok_1_18(delta2) (tpj)\freertos\stm32f405\visualgdb\debug\__bsp_root__\stm32f4xxxx\stm32f4xx_hal_driver\src\stm32f4xx_hal_tim_ex.gcc.rsp
f:\rm\robomaster (2)\robomaster_ok_1_18(afternewyear)\robomaster_ok_1_18(delta2) (tpj)\freertos\stm32f405\visualgdb\debug\__bsp_root__\stm32f4xxxx\stm32f4xx_hal_driver\src\stm32f4xx_hal_uart.gcc.rsp
f:\rm\robomaster (2)\robomaster_ok_1_18(afternewyear)\robomaster_ok_1_18(delta2) (tpj)\freertos\stm32f405\visualgdb\debug\__bsp_root__\stm32f4xxxx\stm32f4xx_hal_driver\src\stm32f4xx_hal_usart.gcc.rsp
f:\rm\robomaster (2)\robomaster_ok_1_18(afternewyear)\robomaster_ok_1_18(delta2) (tpj)\freertos\stm32f405\visualgdb\debug\__bsp_root__\stm32f4xxxx\stm32f4xx_hal_driver\src\stm32f4xx_hal_wwdg.gcc.rsp
f:\rm\robomaster (2)\robomaster_ok_1_18(afternewyear)\robomaster_ok_1_18(delta2) (tpj)\freertos\stm32f405\visualgdb\debug\__bsp_root__\stm32f4xxxx\stm32f4xx_hal_driver\src\stm32f4xx_ll_fmc.gcc.rsp
f:\rm\robomaster (2)\robomaster_ok_1_18(afternewyear)\robomaster_ok_1_18(delta2) (tpj)\freertos\stm32f405\visualgdb\debug\__bsp_root__\stm32f4xxxx\stm32f4xx_hal_driver\src\stm32f4xx_ll_fsmc.gcc.rsp
f:\rm\robomaster (2)\robomaster_ok_1_18(afternewyear)\robomaster_ok_1_18(delta2) (tpj)\freertos\stm32f405\visualgdb\debug\__bsp_root__\stm32f4xxxx\stm32f4xx_hal_driver\src\stm32f4xx_ll_sdmmc.gcc.rsp
f:\rm\robomaster (2)\robomaster_ok_1_18(afternewyear)\robomaster_ok_1_18(delta2) (tpj)\freertos\stm32f405\visualgdb\debug\__bsp_root__\stm32f4xxxx\stm32f4xx_hal_driver\src\stm32f4xx_ll_usb.gcc.rsp
